INFO: [VRFC 10-2263] Analyzing Verilog file "E:/demo/others/verilog/cpu54_single/cpu54_single.srcs/sources_1/imports/cpu31_test.srcs/sources_1/new/dff32.v" into library xil_defaultlib
INFO: [VRFC 10-311] analyzing module dff32
INFO: [VRFC 10-2263] Analyzing Verilog file "E:/demo/others/verilog/cpu54_single/cpu54_single.srcs/sources_1/imports/cpu31_test.srcs/sources_1/new/sccpu_control.v" into library xil_defaultlib
INFO: [VRFC 10-311] analyzing module sccpu_control
INFO: [VRFC 10-2263] Analyzing Verilog file "E:/demo/others/verilog/cpu54_single/cpu54_single.srcs/sources_1/imports/cpu31_test.srcs/sources_1/imports/Desktop/alu.v" into library xil_defaultlib
INFO: [VRFC 10-311] analyzing module alu
INFO: [VRFC 10-2263] Analyzing Verilog file "E:/demo/others/verilog/cpu54_single/cpu54_single.srcs/sources_1/imports/cpu31_test.srcs/sources_1/imports/Desktop/regfile.v" into library xil_defaultlib
INFO: [VRFC 10-311] analyzing module regfile
INFO: [VRFC 10-2263] Analyzing Verilog file "E:/demo/others/verilog/cpu54_single/cpu54_single.srcs/sources_1/imports/cpu31_test.srcs/sources_1/new/extend.v" into library xil_defaultlib
INFO: [VRFC 10-311] analyzing module extend
INFO: [VRFC 10-2263] Analyzing Verilog file "E:/demo/others/verilog/cpu54_single/cpu54_single.srcs/sources_1/imports/others/DIVU.v" into library xil_defaultlib
INFO: [VRFC 10-311] analyzing module DIVU
INFO: [VRFC 10-2263] Analyzing Verilog file "E:/demo/others/verilog/cpu54_single/cpu54_single.srcs/sources_1/imports/others/DIV.v" into library xil_defaultlib
INFO: [VRFC 10-311] analyzing module DIV
INFO: [VRFC 10-2263] Analyzing Verilog file "E:/demo/others/verilog/cpu54_single/cpu54_single.srcs/sources_1/imports/Desktop/mux.v" into library xil_defaultlib
INFO: [VRFC 10-311] analyzing module mux32_8_1
INFO: [VRFC 10-311] analyzing module mux32_6_1
INFO: [VRFC 10-311] analyzing module mux32_5_1
INFO: [VRFC 10-311] analyzing module mux32_4_1
INFO: [VRFC 10-311] analyzing module mux32_3_1
INFO: [VRFC 10-311] analyzing module mux6_3_1
INFO: [VRFC 10-311] analyzing module mux5_3_1
INFO: [VRFC 10-311] analyzing module mux1_3_1
INFO: [VRFC 10-2263] Analyzing Verilog file "E:/demo/others/verilog/cpu54_single/cpu54_single.srcs/sources_1/imports/cpu31_test.srcs/sources_1/new/imem.v" into library xil_defaultlib
INFO: [VRFC 10-311] analyzing module imem
INFO: [VRFC 10-2263] Analyzing Verilog file "E:/demo/others/verilog/cpu54_single/cpu54_single.srcs/sources_1/imports/cpu31_test.srcs/sources_1/new/cpu.v" into library xil_defaultlib
INFO: [VRFC 10-311] analyzing module cpu
INFO: [VRFC 10-2263] Analyzing Verilog file "E:/demo/others/verilog/cpu54_single/cpu54_single.srcs/sources_1/imports/cpu31_test.srcs/sources_1/new/dmem.v" into library xil_defaultlib
INFO: [VRFC 10-311] analyzing module dmem
INFO: [VRFC 10-2263] Analyzing Verilog file "E:/demo/others/verilog/cpu54_single/cpu54_single.srcs/sources_1/imports/cpu31_test.srcs/sources_1/new/sccomp_dataflow.v" into library xil_defaultlib
INFO: [VRFC 10-311] analyzing module sccomp_dataflow
INFO: [VRFC 10-2263] Analyzing Verilog file "E:/demo/others/verilog/cpu54_single/cpu54_single.srcs/sources_1/imports/cpu31_test.srcs/sim_1/new/test.v" into library xil_defaultlib
INFO: [VRFC 10-311] analyzing module test
INFO: [VRFC 10-2263] Analyzing Verilog file "E:/demo/others/verilog/cpu54_single/cpu54_single.sim/sim_1/behav/glbl.v" into library xil_defaultlib
INFO: [VRFC 10-311] analyzing module glbl
